2022-06-30 18:55:18 info: =================================
2022-06-30 18:55:18 info: ======= ENV: development =======
2022-06-30 18:55:18 info: 🚀 App listening on the port 3000
2022-06-30 18:55:18 info: =================================
2022-06-30 18:55:18 info: [0mOPTIONS /graphql [32m204[0m 1.356 ms - 0[0m
2022-06-30 18:55:18 info: [0mPOST /graphql [33m404[0m 14.080 ms - 147[0m
2022-06-30 18:55:19 info: [0mPOST /graphql [33m404[0m 0.859 ms - 147[0m
2022-06-30 18:55:20 info: [0mPOST /graphql [33m404[0m 0.879 ms - 147[0m
2022-06-30 18:55:21 info: [0mPOST /graphql [33m404[0m 0.814 ms - 147[0m
2022-06-30 18:55:22 info: [0mPOST /graphql [33m404[0m 1.215 ms - 147[0m
2022-06-30 18:55:23 info: [0mPOST /graphql [33m404[0m 0.972 ms - 147[0m
2022-06-30 18:55:24 info: [0mOPTIONS /graphql [32m204[0m 0.197 ms - 0[0m
2022-06-30 18:55:24 info: [0mPOST /graphql [33m404[0m 0.997 ms - 147[0m
2022-06-30 18:55:25 info: [0mPOST /graphql [33m404[0m 0.878 ms - 147[0m
2022-06-30 18:55:26 info: [0mPOST /graphql [33m404[0m 0.793 ms - 147[0m
2022-06-30 18:55:27 info: [0mPOST /graphql [33m404[0m 1.373 ms - 147[0m
2022-06-30 18:55:28 info: [0mPOST /graphql [33m404[0m 0.840 ms - 147[0m
2022-06-30 18:55:29 info: [0mOPTIONS /graphql [32m204[0m 0.187 ms - 0[0m
2022-06-30 18:55:29 info: [0mPOST /graphql [33m404[0m 1.347 ms - 147[0m
2022-06-30 18:55:30 info: [0mPOST /graphql [33m404[0m 0.819 ms - 147[0m
2022-06-30 18:55:31 info: [0mPOST /graphql [33m404[0m 0.689 ms - 147[0m
2022-06-30 18:55:32 info: [0mPOST /graphql [33m404[0m 0.751 ms - 147[0m
2022-06-30 18:55:33 info: [0mPOST /graphql [33m404[0m 0.859 ms - 147[0m
2022-06-30 18:55:34 info: [0mPOST /graphql [33m404[0m 0.870 ms - 147[0m
2022-06-30 18:55:35 info: [0mOPTIONS /graphql [32m204[0m 1.131 ms - 0[0m
2022-06-30 18:55:35 info: [0mPOST /graphql [33m404[0m 1.920 ms - 147[0m
2022-06-30 18:55:36 info: [0mPOST /graphql [33m404[0m 0.738 ms - 147[0m
2022-06-30 18:55:51 info: =================================
2022-06-30 18:55:51 info: ======= ENV: development =======
2022-06-30 18:55:51 info: 🚀 App listening on the port 3000
2022-06-30 18:55:51 info: =================================
2022-06-30 18:57:03 info: =================================
2022-06-30 18:57:03 info: ======= ENV: development =======
2022-06-30 18:57:03 info: 🚀 App listening on the port 3000
2022-06-30 18:57:03 info: =================================
2022-06-30 18:58:36 info: =================================
2022-06-30 18:58:36 info: ======= ENV: development =======
2022-06-30 18:58:36 info: 🚀 App listening on the port 3000
2022-06-30 18:58:36 info: =================================
2022-06-30 18:59:08 info: [0mGET /hello [0m-[0m - ms - -[0m
2022-06-30 18:59:09 info: [0mGET / [32m200[0m 3.617 ms - 2[0m
2022-06-30 18:59:09 info: [0mGET /favicon.ico [33m404[0m 2.665 ms - 150[0m
2022-06-30 18:59:35 info: =================================
2022-06-30 18:59:35 info: ======= ENV: development =======
2022-06-30 18:59:35 info: 🚀 App listening on the port 3000
2022-06-30 18:59:35 info: =================================
2022-06-30 19:00:46 info: [0mGET /hello [0m-[0m - ms - -[0m
2022-06-30 19:01:14 info: =================================
2022-06-30 19:01:14 info: ======= ENV: development =======
2022-06-30 19:01:14 info: 🚀 App listening on the port 3000
2022-06-30 19:01:14 info: =================================
2022-06-30 19:01:38 info: =================================
2022-06-30 19:01:38 info: ======= ENV: development =======
2022-06-30 19:01:38 info: 🚀 App listening on the port 3000
2022-06-30 19:01:38 info: =================================
2022-06-30 19:02:15 info: =================================
2022-06-30 19:02:15 info: ======= ENV: development =======
2022-06-30 19:02:15 info: 🚀 App listening on the port 3000
2022-06-30 19:02:15 info: =================================
2022-06-30 19:02:15 info: [0mGET /hello [32m200[0m 5.205 ms - 11[0m
2022-06-30 19:02:43 info: =================================
2022-06-30 19:02:43 info: ======= ENV: development =======
2022-06-30 19:02:43 info: 🚀 App listening on the port 3000
2022-06-30 19:02:43 info: =================================
2022-06-30 19:02:55 info: [0mGET /hello [32m200[0m 4.337 ms - -[0m
2022-06-30 19:02:55 error: [GET] /hello >> StatusCode:: 500, Message:: Cannot set headers after they are sent to the client
2022-06-30 19:03:23 info: =================================
2022-06-30 19:03:23 info: ======= ENV: development =======
2022-06-30 19:03:23 info: 🚀 App listening on the port 3000
2022-06-30 19:03:23 info: =================================
2022-06-30 19:03:28 info: [0mGET /hello [32m200[0m 4.825 ms - -[0m
2022-06-30 19:12:53 info: =================================
2022-06-30 19:12:53 info: ======= ENV: development =======
2022-06-30 19:12:53 info: 🚀 App listening on the port 3000
2022-06-30 19:12:53 info: =================================
2022-06-30 19:13:29 info: [0mGET / [36m304[0m 4.108 ms - -[0m
2022-06-30 19:15:23 info: [0mPOST /encrypt [33m404[0m 17.555 ms - 147[0m
2022-06-30 19:15:38 info: =================================
2022-06-30 19:15:38 info: ======= ENV: development =======
2022-06-30 19:15:38 info: 🚀 App listening on the port 3000
2022-06-30 19:15:38 info: =================================
2022-06-30 19:15:42 info: [0mPOST /encrypt [32m200[0m 20.261 ms - 99[0m
2022-06-30 19:15:59 info: [0mPOST /decrypt [32m200[0m 3.129 ms - 78[0m
2022-06-30 21:16:41 info: =================================
2022-06-30 21:16:41 info: ======= ENV: development =======
2022-06-30 21:16:41 info: 🚀 App listening on the port 3000
2022-06-30 21:16:41 info: =================================
2022-06-30 21:18:53 info: =================================
2022-06-30 21:18:53 info: ======= ENV: development =======
2022-06-30 21:18:53 info: 🚀 App listening on the port 3000
2022-06-30 21:18:53 info: =================================
2022-06-30 21:19:16 info: =================================
2022-06-30 21:19:16 info: ======= ENV: development =======
2022-06-30 21:19:16 info: 🚀 App listening on the port 3000
2022-06-30 21:19:16 info: =================================
2022-06-30 21:19:24 info: [0mPOST /encrypt [32m200[0m 25.241 ms - 99[0m
2022-06-30 21:19:32 info: [0mPOST /decrypt [32m200[0m 2.502 ms - 63[0m
